<?xml version="1.0" encoding="UTF-8"?>
<testng-results ignored="0" total="3" passed="2" failed="1" skipped="0">
  <reporter-output>
  </reporter-output>
  <suite started-at="2022-06-18T14:29:55 IST" name="Default suite" finished-at="2022-06-18T14:33:11 IST" duration-ms="195580">
    <groups>
    </groups>
    <test started-at="2022-06-18T14:29:55 IST" name="Default test" finished-at="2022-06-18T14:33:11 IST" duration-ms="195580">
      <class name="Test.LoginPageTestL">
        <test-method is-config="true" signature="Browser()[pri:0, instance:Test.LoginPageTestL@169e6180]" started-at="2022-06-18T14:29:56 IST" name="Browser" finished-at="2022-06-18T14:30:29 IST" duration-ms="33413" status="PASS">
          <reporter-output>
          </reporter-output>
        </test-method> <!-- Browser -->
        <test-method signature="clickOnSignuplinkTest()[pri:0, instance:Test.LoginPageTestL@169e6180]" started-at="2022-06-18T14:30:29 IST" name="clickOnSignuplinkTest" finished-at="2022-06-18T14:30:31 IST" duration-ms="1639" status="PASS">
          <reporter-output>
          </reporter-output>
        </test-method> <!-- clickOnSignuplinkTest -->
        <test-method is-config="true" signature="Browser()[pri:0, instance:Test.LoginPageTestL@169e6180]" started-at="2022-06-18T14:30:31 IST" name="Browser" finished-at="2022-06-18T14:31:00 IST" duration-ms="29334" status="PASS">
          <reporter-output>
          </reporter-output>
        </test-method> <!-- Browser -->
        <test-method signature="forgotPasswordLinkTest()[pri:0, instance:Test.LoginPageTestL@169e6180]" started-at="2022-06-18T14:31:00 IST" name="forgotPasswordLinkTest" finished-at="2022-06-18T14:31:04 IST" duration-ms="3418" status="PASS">
          <reporter-output>
          </reporter-output>
        </test-method> <!-- forgotPasswordLinkTest -->
        <test-method is-config="true" signature="Browser()[pri:0, instance:Test.LoginPageTestL@169e6180]" started-at="2022-06-18T14:31:04 IST" name="Browser" finished-at="2022-06-18T14:32:15 IST" duration-ms="71224" status="PASS">
          <reporter-output>
          </reporter-output>
        </test-method> <!-- Browser -->
        <test-method signature="loginwithvalidcredentialstest()[pri:0, instance:Test.LoginPageTestL@169e6180]" started-at="2022-06-18T14:32:15 IST" name="loginwithvalidcredentialstest" finished-at="2022-06-18T14:33:05 IST" duration-ms="50309" status="FAIL">
          <exception class="java.lang.NullPointerException">
            <message>
              <![CDATA[Cannot invoke "org.apache.poi.ss.usermodel.Cell.getStringCellValue()" because the return value of "org.apache.poi.ss.usermodel.Row.getCell(int)" is null]]>
            </message>
            <full-stacktrace>
              <![CDATA[java.lang.NullPointerException: Cannot invoke "org.apache.poi.ss.usermodel.Cell.getStringCellValue()" because the return value of "org.apache.poi.ss.usermodel.Row.getCell(int)" is null
at Utility.Parametrization.getData(Parametrization.java:13)
at Test.LoginPageTestL.loginwithvalidcredentialstest(LoginPageTestL.java:25)
at java.base/jdk.internal.reflect.NativeMethodAccessorImpl.invoke0(Native Method)
at java.base/jdk.internal.reflect.NativeMethodAccessorImpl.invoke(NativeMethodAccessorImpl.java:77)
at java.base/jdk.internal.reflect.DelegatingMethodAccessorImpl.invoke(DelegatingMethodAccessorImpl.java:43)
at java.base/java.lang.reflect.Method.invoke(Method.java:568)
at org.testng.internal.MethodInvocationHelper.invokeMethod(MethodInvocationHelper.java:133)
at org.testng.internal.TestInvoker.invokeMethod(TestInvoker.java:598)
at org.testng.internal.TestInvoker.invokeTestMethod(TestInvoker.java:173)
at org.testng.internal.MethodRunner.runInSequence(MethodRunner.java:46)
at org.testng.internal.TestInvoker$MethodInvocationAgent.invoke(TestInvoker.java:824)
at org.testng.internal.TestInvoker.invokeTestMethods(TestInvoker.java:146)
at org.testng.internal.TestMethodWorker.invokeTestMethods(TestMethodWorker.java:146)
at org.testng.internal.TestMethodWorker.run(TestMethodWorker.java:128)
at java.base/java.util.ArrayList.forEach(ArrayList.java:1511)
at org.testng.TestRunner.privateRun(TestRunner.java:794)
at org.testng.TestRunner.run(TestRunner.java:596)
at org.testng.SuiteRunner.runTest(SuiteRunner.java:377)
at org.testng.SuiteRunner.runSequentially(SuiteRunner.java:371)
at org.testng.SuiteRunner.privateRun(SuiteRunner.java:332)
at org.testng.SuiteRunner.run(SuiteRunner.java:276)
at org.testng.SuiteRunnerWorker.runSuite(SuiteRunnerWorker.java:53)
at org.testng.SuiteRunnerWorker.run(SuiteRunnerWorker.java:96)
at org.testng.TestNG.runSuitesSequentially(TestNG.java:1212)
at org.testng.TestNG.runSuitesLocally(TestNG.java:1134)
at org.testng.TestNG.runSuites(TestNG.java:1063)
at org.testng.TestNG.run(TestNG.java:1031)
at org.testng.remote.AbstractRemoteTestNG.run(AbstractRemoteTestNG.java:115)
at org.testng.remote.RemoteTestNG.initAndRun(RemoteTestNG.java:251)
at org.testng.remote.RemoteTestNG.main(RemoteTestNG.java:77)
]]>
            </full-stacktrace>
          </exception> <!-- java.lang.NullPointerException -->
          <reporter-output>
          </reporter-output>
        </test-method> <!-- loginwithvalidcredentialstest -->
      </class> <!-- Test.LoginPageTestL -->
    </test> <!-- Default test -->
  </suite> <!-- Default suite -->
</testng-results>
